<?xml version="1.0" encoding="UTF-8"?>
<testsuite xmlns:xsi="http://www.w3.org/2001/XMLSchema-instance" xsi:noNamespaceSchemaLocation="https://maven.apache.org/surefire/maven-surefire-plugin/xsd/surefire-test-report-3.0.xsd" version="3.0" name="ru.sbrf.school.classloader.player.RockPaperScissorsPlayerTest" time="0.123" tests="1" errors="0" skipped="0" failures="0">
  <properties>
[...]
</properties>
  <testcase name="givenRockPaperScissorsPlayerObj_whenRunGetRandomNumber_thenCheckRange" classname="ru.sbrf.school.classloader.player.RockPaperScissorsPlayerTest" time="0.068"/>
</testsuite>